<?xml version="1.0" encoding="UTF-8"?>
<testsuite name="RectangleTest" tests="1" skipped="0" failures="0" errors="0" timestamp="2021-03-11T11:32:14" hostname="Manpreets-MacBook-Pro.local" time="0.015">
  <properties/>
  <testcase name="shouldReturnPerimeterForValidLengthAndBreadth()" classname="RectangleTest" time="0.015"/>
  <system-out><![CDATA[]]></system-out>
  <system-err><![CDATA[]]></system-err>
</testsuite>
